[13:00:40] [ServerMain/INFO]: [bootstrap] Running Java 21 (Java HotSpot(TM) 64-Bit Server VM 21.0.5+9-LTS-239; Oracle Corporation null) on Windows 11 10.0 (amd64)
[13:00:40] [ServerMain/INFO]: [bootstrap] Loading Paper 1.21-130-master@b1b5d4c (2024-08-10T10:02:42Z) for Minecraft 1.21
[13:00:40] [ServerMain/INFO]: [PluginInitializerManager] Initializing plugins...
[13:00:41] [Paper Plugin Remapper Thread - 2/INFO]: [PluginRemapper] Remapping plugin 'plugins\AlgDat_Damen-1.0-SNAPSHOT.jar'...
[13:00:41] [Paper Plugin Remapper Thread - 2/INFO]: [PluginRemapper] Done remapping plugin 'plugins\AlgDat_Damen-1.0-SNAPSHOT.jar' in 398ms.
[13:00:41] [ServerMain/INFO]: [PluginInitializerManager] Initialized 3 plugins
[13:00:41] [ServerMain/INFO]: [PluginInitializerManager] Bukkit plugins (3):
 - AlgDat_Damen (1.0-SNAPSHOT), ViaVersion (5.2.0), WorldEdit (7.3.4-beta-01+0452ca2)
[13:00:44] [ServerMain/INFO]: Environment: Environment[sessionHost=https://sessionserver.mojang.com, servicesHost=https://api.minecraftservices.com, name=PROD]
[13:00:45] [ServerMain/WARN]: Missing data pack fabric
[13:00:45] [ServerMain/WARN]: Missing data pack fabric-convention-tags-v2
[13:00:45] [ServerMain/INFO]: Found new data pack paper, loading it automatically
[13:00:45] [ServerMain/INFO]: Loaded 1290 recipes
[13:00:46] [ServerMain/INFO]: Loaded 1399 advancements
[13:00:46] [Server thread/INFO]: Starting minecraft server version 1.21
[13:00:46] [Server thread/INFO]: Loading properties
[13:00:46] [Server thread/INFO]: This server is running Paper version 1.21-130-master@b1b5d4c (2024-08-10T10:02:42Z) (Implementing API version 1.21-R0.1-SNAPSHOT)
[13:00:46] [Server thread/INFO]: [spark] This server bundles the spark profiler. For more information please visit https://docs.papermc.io/paper/profiling
[13:00:47] [Server thread/INFO]: Server Ping Player Sample Count: 12
[13:00:47] [Server thread/INFO]: Using 4 threads for Netty based IO
[13:00:47] [Server thread/INFO]: [ChunkTaskScheduler] Chunk system is using 1 I/O threads, 4 worker threads, and population gen parallelism of 4 threads
[13:00:47] [Server thread/INFO]: Default game type: CREATIVE
[13:00:47] [Server thread/INFO]: Generating keypair
[13:00:47] [Server thread/INFO]: Starting Minecraft server on *:25565
[13:00:47] [Server thread/INFO]: Using default channel type
[13:00:47] [Server thread/INFO]: Paper: Using Java compression from Velocity.
[13:00:47] [Server thread/INFO]: Paper: Using Java cipher from Velocity.
[13:00:48] [Server thread/INFO]: [STDOUT] [de.hsmw.algDatDamen.saveManager.TutorialSaveManager] File not found, returning empty list.
[13:00:48] [Server thread/INFO]: [WorldEdit] Loading server plugin WorldEdit v7.3.4-beta-01+0452ca2
[13:00:49] [Server thread/INFO]: Got request to register class com.sk89q.worldedit.bukkit.BukkitServerInterface with WorldEdit [com.sk89q.worldedit.extension.platform.PlatformManager@67792b6d]
[13:00:49] [Server thread/INFO]: [ViaVersion] Loading server plugin ViaVersion v5.2.0
[13:00:49] [Server thread/INFO]: [ViaVersion] ViaVersion 5.2.0 is now loaded. Registering protocol transformers and injecting...
[13:00:50] [Via-Mappingloader-0/INFO]: [ViaVersion] Loading block connection mappings ...
[13:00:50] [Via-Mappingloader-0/INFO]: [ViaVersion] Using FastUtil Long2ObjectOpenHashMap for block connections
[13:00:51] [Server thread/INFO]: [AlgDat_Damen] Loading server plugin AlgDat_Damen v1.0-SNAPSHOT
[13:00:51] [Server thread/INFO]: Server permissions file permissions.yml is empty, ignoring it
[13:00:51] [Server thread/INFO]: [WorldEdit] Enabling WorldEdit v7.3.4-beta-01+0452ca2
[13:00:51] [Server thread/INFO]: Registering commands with com.sk89q.worldedit.bukkit.BukkitServerInterface
[13:00:51] [Server thread/INFO]: WEPIF: Using the Bukkit Permissions API.
[13:00:51] [Server thread/INFO]: Using com.sk89q.worldedit.bukkit.adapter.impl.v1_21.PaperweightAdapter as the Bukkit adapter
[13:00:52] [Server thread/INFO]: Preparing level "world_design"
[13:00:53] [Server thread/INFO]: Preparing start region for dimension minecraft:overworld
[13:00:53] [Server thread/INFO]: Time elapsed: 222 ms
[13:00:53] [Server thread/INFO]: Preparing start region for dimension minecraft:the_nether
[13:00:53] [Server thread/INFO]: Time elapsed: 277 ms
[13:00:53] [Server thread/INFO]: Preparing start region for dimension minecraft:the_end
[13:00:53] [Server thread/INFO]: Time elapsed: 53 ms
[13:00:53] [Server thread/INFO]: [ViaVersion] Enabling ViaVersion v5.2.0
[13:00:53] [Server thread/INFO]: [ViaVersion] ViaVersion detected server version: 1.21-1.21.1 (767)
[13:00:53] [Server thread/INFO]: [AlgDat_Damen] Enabling AlgDat_Damen v1.0-SNAPSHOT
[13:00:53] [Server thread/INFO]: [AlgDat_Damen] AlgDatDamen Plugin is now active!
[13:00:53] [Server thread/INFO]: [spark] Starting background profiler...
[13:00:53] [Server thread/INFO]: [spark] The async-profiler engine is not supported for your os/arch (windows11/amd64), so the built-in Java engine will be used instead.
[13:00:53] [Server thread/INFO]: Done preparing level "world_design" (1.243s)
[13:00:53] [Server thread/INFO]: Running delayed init tasks
[13:00:53] [Server thread/INFO]: Done (14.228s)! For help, type "help"
[13:00:53] [Server thread/INFO]: Timings Reset
[13:00:53] [Craft Scheduler Thread - 2 - ViaVersion/INFO]: [ViaVersion] Finished mapping loading, shutting down loader executor.
[13:01:12] [User Authenticator #0/INFO]: UUID of player LionStar303 is d16fa083-efc2-4926-bc05-4292a7a1c820
[13:01:12] [Server thread/INFO]: LionStar303 joined the game
[13:01:12] [Server thread/INFO]: LionStar303[/127.0.0.1:56748] logged in with entity id 2 at ([world_design]0.0, -45.0, 170.0)
[13:01:19] [Server thread/WARN]: Ignoring unknown attribute 'minecraft:follow_range'
[13:01:19] [Server thread/WARN]: Ignoring unknown attribute 'minecraft:knockback_resistance'
[13:01:19] [Server thread/WARN]: Ignoring unknown attribute 'minecraft:flying_speed'
[13:01:19] [Server thread/WARN]: Ignoring unknown attribute 'minecraft:armor_toughness'
[13:01:19] [Server thread/WARN]: Ignoring unknown attribute 'minecraft:attack_knockback'
[13:01:19] [Server thread/WARN]: Ignoring unknown attribute 'minecraft:attack_damage'
[13:01:19] [Server thread/WARN]: Ignoring unknown attribute 'minecraft:movement_speed'
[13:01:19] [Server thread/WARN]: Ignoring unknown attribute 'minecraft:max_health'
[13:01:19] [Server thread/WARN]: Ignoring unknown attribute 'minecraft:armor'
[13:05:14] [Server thread/INFO]: LionStar303 lost connection: Disconnected
[13:05:14] [Server thread/INFO]: LionStar303 left the game
[13:05:20] [Server thread/INFO]: Stopping the server
[13:05:20] [Server thread/INFO]: Stopping server
[13:05:20] [Server thread/INFO]: [AlgDat_Damen] Disabling AlgDat_Damen v1.0-SNAPSHOT
[13:05:20] [Server thread/INFO]: [AlgDat_Damen] [STDOUT] 0 Tutorial progress saved to file!
[13:05:20] [Server thread/WARN]: Nag author(s): '[]' of 'AlgDat_Damen v1.0-SNAPSHOT' about their usage of System.out/err.print. Please use your plugin's logger instead (JavaPlugin#getLogger).
[13:05:20] [Server thread/INFO]: [AlgDat_Damen] AlgDatDamen Plugin is now inactive.
[13:05:20] [Server thread/INFO]: [ViaVersion] Disabling ViaVersion v5.2.0
[13:05:20] [Server thread/INFO]: [ViaVersion] ViaVersion has been disabled; uninjected the platform and shut down the scheduler.
[13:05:20] [Server thread/INFO]: [WorldEdit] Disabling WorldEdit v7.3.4-beta-01+0452ca2
[13:05:21] [Server thread/INFO]: Unregistering com.sk89q.worldedit.bukkit.BukkitServerInterface from WorldEdit
[13:05:21] [Server thread/INFO]: Saving players
[13:05:21] [Server thread/INFO]: Saving worlds
[13:05:21] [Server thread/INFO]: Saving chunks for level 'ServerLevel[world_design]'/minecraft:overworld
[13:05:21] [Server thread/INFO]: [ChunkHolderManager] Waiting 60s for chunk system to halt for world 'world_design'
[13:05:21] [Server thread/INFO]: [ChunkHolderManager] Halted chunk system for world 'world_design'
[13:05:21] [Server thread/INFO]: [ChunkHolderManager] Saving all chunkholders for world 'world_design'
[13:05:21] [Server thread/INFO]: [ChunkHolderManager] Saved 1047 block chunks, 1047 entity chunks, 0 poi chunks in world 'world_design' in 0,29s
[13:05:21] [Server thread/INFO]: Saving chunks for level 'ServerLevel[world_design_nether]'/minecraft:the_nether
[13:05:21] [Server thread/INFO]: [ChunkHolderManager] Waiting 60s for chunk system to halt for world 'world_design_nether'
[13:05:21] [Server thread/INFO]: [ChunkHolderManager] Halted chunk system for world 'world_design_nether'
[13:05:21] [Server thread/INFO]: [ChunkHolderManager] Saving all chunkholders for world 'world_design_nether'
[13:05:21] [Server thread/INFO]: [ChunkHolderManager] Saved 49 block chunks, 49 entity chunks, 0 poi chunks in world 'world_design_nether' in 0,03s
[13:05:21] [Server thread/INFO]: Saving chunks for level 'ServerLevel[world_design_the_end]'/minecraft:the_end
[13:05:21] [Server thread/INFO]: [ChunkHolderManager] Waiting 60s for chunk system to halt for world 'world_design_the_end'
[13:05:21] [Server thread/INFO]: [ChunkHolderManager] Halted chunk system for world 'world_design_the_end'
[13:05:21] [Server thread/INFO]: [ChunkHolderManager] Saving all chunkholders for world 'world_design_the_end'
[13:05:21] [Server thread/INFO]: [ChunkHolderManager] Saved 49 block chunks, 49 entity chunks, 0 poi chunks in world 'world_design_the_end' in 0,02s
[13:05:21] [Server thread/INFO]: ThreadedAnvilChunkStorage (world_design): All chunks are saved
[13:05:21] [Server thread/INFO]: ThreadedAnvilChunkStorage (DIM-1): All chunks are saved
[13:05:21] [Server thread/INFO]: ThreadedAnvilChunkStorage (DIM1): All chunks are saved
[13:05:21] [Server thread/INFO]: ThreadedAnvilChunkStorage: All dimensions are saved
